::1 - - [29/Feb/2020:12:45:48 +0000] "GET /products HTTP/1.1" 200 256163 "-" "PostmanRuntime/7.22.0"
::1 - - [29/Feb/2020:12:46:55 +0000] "GET /products HTTP/1.1" 200 256163 "-" "PostmanRuntime/7.22.0"
::1 - - [29/Feb/2020:12:49:22 +0000] "GET /products/1 HTTP/1.1" 500 91 "-" "PostmanRuntime/7.22.0"
::1 - - [29/Feb/2020:12:53:22 +0000] "GET /products HTTP/1.1" 200 256163 "-" "PostmanRuntime/7.22.0"
::1 - - [01/Mar/2020:14:41:27 +0000] "GET /catalogs HTTP/1.1" 304 - "http://localhost:3000/" "Mozilla/5.0 (Windows NT 10.0; Win64; x64) AppleWebKit/537.36 (KHTML, like Gecko) Chrome/80.0.3987.122 Safari/537.36"
::1 - - [01/Mar/2020:14:41:27 +0000] "GET /catalogs HTTP/1.1" 304 - "http://localhost:3000/" "Mozilla/5.0 (Windows NT 10.0; Win64; x64) AppleWebKit/537.36 (KHTML, like Gecko) Chrome/80.0.3987.122 Safari/537.36"
::1 - - [01/Mar/2020:14:41:37 +0000] "GET /catalogs/?catalog=kids HTTP/1.1" 200 630 "http://localhost:3000/catalogs/kids" "Mozilla/5.0 (Windows NT 10.0; Win64; x64) AppleWebKit/537.36 (KHTML, like Gecko) Chrome/80.0.3987.122 Safari/537.36"
::1 - - [01/Mar/2020:14:41:43 +0000] "GET /products/?&catalog=kids HTTP/1.1" 200 198282 "http://localhost:3000/productlist/kids" "Mozilla/5.0 (Windows NT 10.0; Win64; x64) AppleWebKit/537.36 (KHTML, like Gecko) Chrome/80.0.3987.122 Safari/537.36"
::1 - - [01/Mar/2020:14:41:43 +0000] "GET /brands HTTP/1.1" 200 717 "http://localhost:3000/productlist/kids" "Mozilla/5.0 (Windows NT 10.0; Win64; x64) AppleWebKit/537.36 (KHTML, like Gecko) Chrome/80.0.3987.122 Safari/537.36"
::1 - - [01/Mar/2020:14:41:43 +0000] "GET /categories HTTP/1.1" 200 530 "http://localhost:3000/productlist/kids" "Mozilla/5.0 (Windows NT 10.0; Win64; x64) AppleWebKit/537.36 (KHTML, like Gecko) Chrome/80.0.3987.122 Safari/537.36"
::1 - - [01/Mar/2020:14:41:43 +0000] "GET /colors HTTP/1.1" 200 425 "http://localhost:3000/productlist/kids" "Mozilla/5.0 (Windows NT 10.0; Win64; x64) AppleWebKit/537.36 (KHTML, like Gecko) Chrome/80.0.3987.122 Safari/537.36"
::1 - - [01/Mar/2020:14:41:44 +0000] "GET /products/?&brand=&color=&category=&catalog=kids HTTP/1.1" 200 198282 "http://localhost:3000/productlist/kids" "Mozilla/5.0 (Windows NT 10.0; Win64; x64) AppleWebKit/537.36 (KHTML, like Gecko) Chrome/80.0.3987.122 Safari/537.36"
::1 - - [01/Mar/2020:14:41:46 +0000] "GET /catalogs/?catalog=men HTTP/1.1" 200 553 "http://localhost:3000/catalogs/men" "Mozilla/5.0 (Windows NT 10.0; Win64; x64) AppleWebKit/537.36 (KHTML, like Gecko) Chrome/80.0.3987.122 Safari/537.36"
::1 - - [01/Mar/2020:14:41:47 +0000] "GET /catalogs/?catalog=women HTTP/1.1" 200 631 "http://localhost:3000/catalogs/women" "Mozilla/5.0 (Windows NT 10.0; Win64; x64) AppleWebKit/537.36 (KHTML, like Gecko) Chrome/80.0.3987.122 Safari/537.36"
::1 - - [01/Mar/2020:14:41:49 +0000] "GET /brands HTTP/1.1" 200 717 "http://localhost:3000/productlist/women" "Mozilla/5.0 (Windows NT 10.0; Win64; x64) AppleWebKit/537.36 (KHTML, like Gecko) Chrome/80.0.3987.122 Safari/537.36"
::1 - - [01/Mar/2020:14:41:49 +0000] "GET /colors HTTP/1.1" 200 425 "http://localhost:3000/productlist/women" "Mozilla/5.0 (Windows NT 10.0; Win64; x64) AppleWebKit/537.36 (KHTML, like Gecko) Chrome/80.0.3987.122 Safari/537.36"
::1 - - [01/Mar/2020:14:41:49 +0000] "GET /categories HTTP/1.1" 200 530 "http://localhost:3000/productlist/women" "Mozilla/5.0 (Windows NT 10.0; Win64; x64) AppleWebKit/537.36 (KHTML, like Gecko) Chrome/80.0.3987.122 Safari/537.36"
::1 - - [01/Mar/2020:14:41:50 +0000] "GET /products/?&brand=&color=&category=&catalog=kids HTTP/1.1" 200 198282 "http://localhost:3000/productlist/women" "Mozilla/5.0 (Windows NT 10.0; Win64; x64) AppleWebKit/537.36 (KHTML, like Gecko) Chrome/80.0.3987.122 Safari/537.36"
::1 - - [01/Mar/2020:14:41:50 +0000] "GET /products/?&catalog=women HTTP/1.1" 200 227838 "http://localhost:3000/productlist/women" "Mozilla/5.0 (Windows NT 10.0; Win64; x64) AppleWebKit/537.36 (KHTML, like Gecko) Chrome/80.0.3987.122 Safari/537.36"
::1 - - [01/Mar/2020:14:41:51 +0000] "GET /colors HTTP/1.1" 200 425 "http://localhost:3000/productlist/women" "Mozilla/5.0 (Windows NT 10.0; Win64; x64) AppleWebKit/537.36 (KHTML, like Gecko) Chrome/80.0.3987.122 Safari/537.36"
::1 - - [01/Mar/2020:14:41:51 +0000] "GET /brands HTTP/1.1" 200 717 "http://localhost:3000/productlist/women" "Mozilla/5.0 (Windows NT 10.0; Win64; x64) AppleWebKit/537.36 (KHTML, like Gecko) Chrome/80.0.3987.122 Safari/537.36"
::1 - - [01/Mar/2020:14:41:51 +0000] "GET /categories HTTP/1.1" 200 530 "http://localhost:3000/productlist/women" "Mozilla/5.0 (Windows NT 10.0; Win64; x64) AppleWebKit/537.36 (KHTML, like Gecko) Chrome/80.0.3987.122 Safari/537.36"
::1 - - [01/Mar/2020:14:41:51 +0000] "GET /products/?&brand=&color=&category=&catalog=women HTTP/1.1" 200 227838 "http://localhost:3000/productlist/women" "Mozilla/5.0 (Windows NT 10.0; Win64; x64) AppleWebKit/537.36 (KHTML, like Gecko) Chrome/80.0.3987.122 Safari/537.36"
::1 - - [01/Mar/2020:14:41:52 +0000] "GET /products/?&brand=medicine&color=&category=&catalog=women HTTP/1.1" 200 21250 "http://localhost:3000/productlist/women" "Mozilla/5.0 (Windows NT 10.0; Win64; x64) AppleWebKit/537.36 (KHTML, like Gecko) Chrome/80.0.3987.122 Safari/537.36"
::1 - - [01/Mar/2020:14:41:54 +0000] "GET /products/?&brand=medicine,ruma&color=&category=&catalog=women HTTP/1.1" 200 52411 "http://localhost:3000/productlist/women" "Mozilla/5.0 (Windows NT 10.0; Win64; x64) AppleWebKit/537.36 (KHTML, like Gecko) Chrome/80.0.3987.122 Safari/537.36"
::1 - - [01/Mar/2020:14:41:55 +0000] "GET /products/?&brand=medicine,ruma&color=&category=dresses&catalog=women HTTP/1.1" 200 3289 "http://localhost:3000/productlist/women" "Mozilla/5.0 (Windows NT 10.0; Win64; x64) AppleWebKit/537.36 (KHTML, like Gecko) Chrome/80.0.3987.122 Safari/537.36"
::1 - - [01/Mar/2020:14:42:00 +0000] "GET /catalogs/?catalog=women HTTP/1.1" 200 631 "http://localhost:3000/catalogs/women" "Mozilla/5.0 (Windows NT 10.0; Win64; x64) AppleWebKit/537.36 (KHTML, like Gecko) Chrome/80.0.3987.122 Safari/537.36"
::1 - - [01/Mar/2020:14:42:01 +0000] "GET /catalogs/?catalog=kids HTTP/1.1" 200 630 "http://localhost:3000/catalogs/kids" "Mozilla/5.0 (Windows NT 10.0; Win64; x64) AppleWebKit/537.36 (KHTML, like Gecko) Chrome/80.0.3987.122 Safari/537.36"
::1 - - [01/Mar/2020:14:42:02 +0000] "GET /catalogs HTTP/1.1" 200 1812 "http://localhost:3000/" "Mozilla/5.0 (Windows NT 10.0; Win64; x64) AppleWebKit/537.36 (KHTML, like Gecko) Chrome/80.0.3987.122 Safari/537.36"
